[28-Sep-2023 17:46:05 UTC] PHP Notice:  Undefined index: title in /Applications/MAMP/htdocs/Planty/wp-content/themes/twentytwenty-child/widgets/planty-gout-widget.php on line 15
[28-Sep-2023 17:46:05 UTC] PHP Fatal error:  Uncaught Error: Function name must be a string in /Applications/MAMP/htdocs/Planty/wp-content/themes/twentytwenty-child/widgets/planty-gout-widget.php:16
Stack trace:
#0 /Applications/MAMP/htdocs/Planty/wp-includes/widgets.php(1261): Planty_Gout_Widget->widget(Array, Array)
#1 /Applications/MAMP/htdocs/Planty/wp-includes/rest-api/endpoints/class-wp-rest-widget-types-controller.php(552): the_widget('Planty_Gout_Wid...', Array)
#2 /Applications/MAMP/htdocs/Planty/wp-includes/rest-api/endpoints/class-wp-rest-widget-types-controller.php(522): WP_REST_Widget_Types_Controller->get_widget_preview('Planty_Gout_Wid...', Array)
#3 /Applications/MAMP/htdocs/Planty/wp-includes/rest-api/class-wp-rest-server.php(1188): WP_REST_Widget_Types_Controller->encode_form_data(Object(WP_REST_Request))
#4 /Applications/MAMP/htdocs/Planty/wp-includes/rest-api/class-wp-rest-server.php(1035): WP_REST_Server->respond_to_request(Object(WP_REST_Request), '/wp/v2/widget-t...', Array, NULL)
#5 /Applications/MAMP/htdocs/Planty/wp-includes/re in /Applications/MAMP/htdocs/Planty/wp-content/themes/twentytwenty-child/widgets/planty-gout-widget.php on line 16
[28-Sep-2023 17:48:49 UTC] PHP Notice:  Undefined index: title in /Applications/MAMP/htdocs/Planty/wp-content/themes/twentytwenty-child/widgets/planty-gout-widget.php on line 15
[28-Sep-2023 17:48:49 UTC] PHP Notice:  Undefined index: text_size in /Applications/MAMP/htdocs/Planty/wp-content/themes/twentytwenty-child/widgets/planty-gout-widget.php on line 16
[28-Sep-2023 17:48:49 UTC] PHP Notice:  Undefined index: url_image in /Applications/MAMP/htdocs/Planty/wp-content/themes/twentytwenty-child/widgets/planty-gout-widget.php on line 17
[28-Sep-2023 18:51:31 UTC] PHP Notice:  Undefined index: title in /Applications/MAMP/htdocs/Planty/wp-content/themes/twentytwenty-child/widgets/planty-gout-widget.php on line 15
[28-Sep-2023 18:51:31 UTC] PHP Notice:  Undefined index: text_size in /Applications/MAMP/htdocs/Planty/wp-content/themes/twentytwenty-child/widgets/planty-gout-widget.php on line 16
[28-Sep-2023 18:51:31 UTC] PHP Notice:  Undefined index: url_image in /Applications/MAMP/htdocs/Planty/wp-content/themes/twentytwenty-child/widgets/planty-gout-widget.php on line 17
[28-Sep-2023 18:52:39 UTC] PHP Notice:  Undefined index: title in /Applications/MAMP/htdocs/Planty/wp-content/themes/twentytwenty-child/widgets/planty-gout-widget.php on line 15
[28-Sep-2023 18:52:39 UTC] PHP Notice:  Undefined index: text_size in /Applications/MAMP/htdocs/Planty/wp-content/themes/twentytwenty-child/widgets/planty-gout-widget.php on line 16
[28-Sep-2023 18:52:39 UTC] PHP Notice:  Undefined index: url_image in /Applications/MAMP/htdocs/Planty/wp-content/themes/twentytwenty-child/widgets/planty-gout-widget.php on line 17
[28-Sep-2023 18:53:03 UTC] PHP Notice:  Undefined index: title in /Applications/MAMP/htdocs/Planty/wp-content/themes/twentytwenty-child/widgets/planty-gout-widget.php on line 15
[28-Sep-2023 18:53:03 UTC] PHP Notice:  Undefined index: text_size in /Applications/MAMP/htdocs/Planty/wp-content/themes/twentytwenty-child/widgets/planty-gout-widget.php on line 16
[28-Sep-2023 18:53:03 UTC] PHP Notice:  Undefined index: url_image in /Applications/MAMP/htdocs/Planty/wp-content/themes/twentytwenty-child/widgets/planty-gout-widget.php on line 17
